<?xml version="1.0" encoding="UTF-8"?>
<coverage generated="1586397194203" clover="3.2.0">
  <project timestamp="1586397194203" name="All files">
    <metrics statements="52" coveredstatements="41" conditionals="13" coveredconditionals="4" methods="10" coveredmethods="8" elements="75" coveredelements="53" complexity="0" loc="52" ncloc="52" packages="5" files="6" classes="6"/>
    <package name="src">
      <metrics statements="8" coveredstatements="8" conditionals="0" coveredconditionals="0" methods="2" coveredmethods="2"/>
      <file name="app.ts" path="C:\Users\g.lima\Projects\Personal\my-website\src\app.ts">
        <metrics statements="7" coveredstatements="7" conditionals="0" coveredconditionals="0" methods="2" coveredmethods="2"/>
        <line num="1" count="1" type="stmt"/>
        <line num="2" count="1" type="stmt"/>
        <line num="4" count="1" type="stmt"/>
        <line num="6" count="1" type="stmt"/>
        <line num="8" count="2" type="stmt"/>
        <line num="9" count="4" type="stmt"/>
        <line num="14" count="1" type="stmt"/>
      </file>
      <file name="settings.ts" path="C:\Users\g.lima\Projects\Personal\my-website\src\settings.ts">
        <metrics statements="1" coveredstatements="1" conditionals="0" coveredconditionals="0" methods="0" coveredmethods="0"/>
        <line num="1" count="1" type="stmt"/>
      </file>
    </package>
    <package name="src.components.gists">
      <metrics statements="9" coveredstatements="4" conditionals="4" coveredconditionals="0" methods="2" coveredmethods="1"/>
      <file name="gists.component.ts" path="C:\Users\g.lima\Projects\Personal\my-website\src\components\gists\gists.component.ts">
        <metrics statements="9" coveredstatements="4" conditionals="4" coveredconditionals="0" methods="2" coveredmethods="1"/>
        <line num="2" count="1" type="stmt"/>
        <line num="3" count="1" type="stmt"/>
        <line num="5" count="1" type="stmt"/>
        <line num="7" count="1" type="stmt"/>
        <line num="8" count="0" type="stmt"/>
        <line num="10" count="0" type="stmt"/>
        <line num="11" count="0" type="cond" truecount="0" falsecount="4"/>
        <line num="13" count="0" type="stmt"/>
        <line num="26" count="0" type="stmt"/>
      </file>
    </package>
    <package name="src.components.intro">
      <metrics statements="6" coveredstatements="6" conditionals="2" coveredconditionals="1" methods="1" coveredmethods="1"/>
      <file name="intro.component.ts" path="C:\Users\g.lima\Projects\Personal\my-website\src\components\intro\intro.component.ts">
        <metrics statements="6" coveredstatements="6" conditionals="2" coveredconditionals="1" methods="1" coveredmethods="1"/>
        <line num="1" count="1" type="stmt"/>
        <line num="3" count="1" type="stmt"/>
        <line num="5" count="1" type="stmt"/>
        <line num="6" count="1" type="stmt"/>
        <line num="8" count="1" type="stmt"/>
        <line num="10" count="1" type="cond" truecount="1" falsecount="1"/>
      </file>
    </package>
    <package name="src.enums">
      <metrics statements="13" coveredstatements="13" conditionals="2" coveredconditionals="2" methods="1" coveredmethods="1"/>
      <file name="gist-languages.enum.ts" path="C:\Users\g.lima\Projects\Personal\my-website\src\enums\gist-languages.enum.ts">
        <metrics statements="13" coveredstatements="13" conditionals="2" coveredconditionals="2" methods="1" coveredmethods="1"/>
        <line num="1" count="1" type="cond" truecount="2" falsecount="0"/>
        <line num="2" count="1" type="stmt"/>
        <line num="3" count="1" type="stmt"/>
        <line num="4" count="1" type="stmt"/>
        <line num="5" count="1" type="stmt"/>
        <line num="6" count="1" type="stmt"/>
        <line num="7" count="1" type="stmt"/>
        <line num="8" count="1" type="stmt"/>
        <line num="9" count="1" type="stmt"/>
        <line num="10" count="1" type="stmt"/>
        <line num="11" count="1" type="stmt"/>
        <line num="12" count="1" type="stmt"/>
        <line num="13" count="1" type="stmt"/>
      </file>
    </package>
    <package name="src.services">
      <metrics statements="16" coveredstatements="10" conditionals="5" coveredconditionals="1" methods="4" coveredmethods="3"/>
      <file name="gists.service.ts" path="C:\Users\g.lima\Projects\Personal\my-website\src\services\gists.service.ts">
        <metrics statements="16" coveredstatements="10" conditionals="5" coveredconditionals="1" methods="4" coveredmethods="3"/>
        <line num="1" count="1" type="stmt"/>
        <line num="2" count="1" type="stmt"/>
        <line num="4" count="1" type="stmt"/>
        <line num="6" count="1" type="stmt"/>
        <line num="7" count="1" type="cond" truecount="1" falsecount="0"/>
        <line num="10" count="1" type="stmt"/>
        <line num="11" count="1" type="stmt"/>
        <line num="13" count="1" type="stmt"/>
        <line num="14" count="1" type="stmt"/>
        <line num="15" count="0" type="stmt"/>
        <line num="17" count="0" type="stmt"/>
        <line num="20" count="0" type="stmt"/>
        <line num="24" count="1" type="stmt"/>
        <line num="25" count="0" type="stmt"/>
        <line num="26" count="0" type="stmt"/>
        <line num="28" count="0" type="stmt"/>
      </file>
    </package>
  </project>
</coverage>
