{"C:\\Users\\g.lima\\Projects\\Personal\\my-website\\src\\app.ts": {"path":"C:\\Users\\g.lima\\Projects\\Personal\\my-website\\src\\app.ts","statementMap":{"0":{"start":{"line":1,"column":0},"end":{"line":1,"column":66}},"1":{"start":{"line":2,"column":0},"end":{"line":2,"column":66}},"2":{"start":{"line":4,"column":19},"end":{"line":4,"column":51}},"3":{"start":{"line":6,"column":13},"end":{"line":12,"column":2}},"4":{"start":{"line":8,"column":4},"end":{"line":10,"column":7}},"5":{"start":{"line":9,"column":6},"end":{"line":9,"column":25}},"6":{"start":{"line":14,"column":0},"end":{"line":14,"column":20}}},"fnMap":{"0":{"name":"(anonymous_0)","decl":{"start":{"line":7,"column":7},"end":{"line":7,"column":8}},"loc":{"start":{"line":7,"column":29},"end":{"line":11,"column":3}}},"1":{"name":"(anonymous_1)","decl":{"start":{"line":8,"column":23},"end":{"line":8,"column":24}},"loc":{"start":{"line":8,"column":42},"end":{"line":10,"column":5}}}},"branchMap":{},"s":{"0":1,"1":1,"2":1,"3":1,"4":2,"5":4,"6":1},"f":{"0":2,"1":4},"b":{}}
,"C:\\Users\\g.lima\\Projects\\Personal\\my-website\\src\\settings.ts": {"path":"C:\\Users\\g.lima\\Projects\\Personal\\my-website\\src\\settings.ts","statementMap":{"0":{"start":{"line":1,"column":13},"end":{"line":24,"column":2}}},"fnMap":{},"branchMap":{},"s":{"0":1},"f":{},"b":{}}
,"C:\\Users\\g.lima\\Projects\\Personal\\my-website\\src\\components\\gists\\gists.component.ts": {"path":"C:\\Users\\g.lima\\Projects\\Personal\\my-website\\src\\components\\gists\\gists.component.ts","statementMap":{"0":{"start":{"line":2,"column":0},"end":{"line":2,"column":58}},"1":{"start":{"line":3,"column":0},"end":{"line":3,"column":40}},"2":{"start":{"line":5,"column":13},"end":{"line":29,"column":2}},"3":{"start":{"line":7,"column":22},"end":{"line":7,"column":51}},"4":{"start":{"line":8,"column":28},"end":{"line":8,"column":65}},"5":{"start":{"line":10,"column":4},"end":{"line":27,"column":7}},"6":{"start":{"line":11,"column":6},"end":{"line":11,"column":56}},"7":{"start":{"line":11,"column":49},"end":{"line":11,"column":56}},"8":{"start":{"line":13,"column":19},"end":{"line":25,"column":8}},"9":{"start":{"line":26,"column":6},"end":{"line":26,"column":60}}},"fnMap":{"0":{"name":"(anonymous_7)","decl":{"start":{"line":6,"column":10},"end":{"line":6,"column":null}},"loc":{"start":{"line":6,"column":10},"end":{"line":28,"column":null}}},"1":{"name":"(anonymous_9)","decl":{"start":{"line":10,"column":22},"end":{"line":10,"column":23}},"loc":{"start":{"line":10,"column":45},"end":{"line":27,"column":5}}}},"branchMap":{"0":{"loc":{"start":{"line":11,"column":6},"end":{"line":11,"column":56}},"type":"if","locations":[{"start":{"line":11,"column":6},"end":{"line":11,"column":56}},{"start":{"line":11,"column":6},"end":{"line":11,"column":56}}]},"1":{"loc":{"start":{"line":11,"column":10},"end":{"line":11,"column":26}},"type":"binary-expr","locations":[{"start":{"line":11,"column":10},"end":{"line":11,"column":26}},{"start":{"line":11,"column":30},"end":{"line":11,"column":47}}]}},"s":{"0":1,"1":1,"2":1,"3":1,"4":0,"5":0,"6":0,"7":0,"8":0,"9":0},"f":{"0":1,"1":0},"b":{"0":[0,0],"1":[0,0]}}
,"C:\\Users\\g.lima\\Projects\\Personal\\my-website\\src\\components\\intro\\intro.component.ts": {"path":"C:\\Users\\g.lima\\Projects\\Personal\\my-website\\src\\components\\intro\\intro.component.ts","statementMap":{"0":{"start":{"line":1,"column":0},"end":{"line":1,"column":40}},"1":{"start":{"line":3,"column":13},"end":{"line":12,"column":2}},"2":{"start":{"line":5,"column":21},"end":{"line":5,"column":56}},"3":{"start":{"line":6,"column":28},"end":{"line":6,"column":52}},"4":{"start":{"line":8,"column":23},"end":{"line":8,"column":73}},"5":{"start":{"line":10,"column":4},"end":{"line":10,"column":89}}},"fnMap":{"0":{"name":"(anonymous_0)","decl":{"start":{"line":4,"column":10},"end":{"line":4,"column":13}},"loc":{"start":{"line":4,"column":15},"end":{"line":11,"column":3}}}},"branchMap":{"0":{"loc":{"start":{"line":10,"column":16},"end":{"line":10,"column":66}},"type":"cond-expr","locations":[{"start":{"line":10,"column":16},"end":{"line":10,"column":66}},{"start":{"line":10,"column":70},"end":{"line":10,"column":88}}]}},"s":{"0":1,"1":1,"2":1,"3":1,"4":1,"5":1},"f":{"0":1},"b":{"0":[0,1]}}
,"C:\\Users\\g.lima\\Projects\\Personal\\my-website\\src\\enums\\gist-languages.enum.ts": {"path":"C:\\Users\\g.lima\\Projects\\Personal\\my-website\\src\\enums\\gist-languages.enum.ts","statementMap":{"0":{"start":{"line":1,"column":0},"end":{"line":1,"column":null}},"1":{"start":{"line":2,"column":2},"end":{"line":2,"column":null}},"2":{"start":{"line":3,"column":2},"end":{"line":3,"column":null}},"3":{"start":{"line":4,"column":2},"end":{"line":4,"column":null}},"4":{"start":{"line":5,"column":2},"end":{"line":5,"column":null}},"5":{"start":{"line":6,"column":2},"end":{"line":6,"column":null}},"6":{"start":{"line":7,"column":2},"end":{"line":7,"column":null}},"7":{"start":{"line":8,"column":2},"end":{"line":8,"column":null}},"8":{"start":{"line":9,"column":2},"end":{"line":9,"column":null}},"9":{"start":{"line":10,"column":2},"end":{"line":10,"column":null}},"10":{"start":{"line":11,"column":2},"end":{"line":11,"column":null}},"11":{"start":{"line":12,"column":2},"end":{"line":12,"column":null}},"12":{"start":{"line":13,"column":2},"end":{"line":13,"column":null}}},"fnMap":{"0":{"name":"(anonymous_0)","decl":{"start":{"line":1,"column":0},"end":{"line":1,"column":12}},"loc":{"start":{"line":1,"column":25},"end":{"line":14,"column":1}}}},"branchMap":{"0":{"loc":{"start":{"line":1,"column":12},"end":{"line":1,"column":25}},"type":"binary-expr","locations":[{"start":{"line":1,"column":12},"end":{"line":1,"column":25}},{"start":{"line":1,"column":12},"end":{"line":1,"column":null}}]}},"s":{"0":1,"1":1,"2":1,"3":1,"4":1,"5":1,"6":1,"7":1,"8":1,"9":1,"10":1,"11":1,"12":1},"f":{"0":1},"b":{"0":[1,1]}}
,"C:\\Users\\g.lima\\Projects\\Personal\\my-website\\src\\services\\gists.service.ts": {"path":"C:\\Users\\g.lima\\Projects\\Personal\\my-website\\src\\services\\gists.service.ts","statementMap":{"0":{"start":{"line":1,"column":0},"end":{"line":1,"column":26}},"1":{"start":{"line":2,"column":0},"end":{"line":2,"column":59}},"2":{"start":{"line":4,"column":0},"end":{"line":4,"column":37}},"3":{"start":{"line":6,"column":13},"end":{"line":37,"column":2}},"4":{"start":{"line":7,"column":51},"end":{"line":7,"column":119}},"5":{"start":{"line":10,"column":16},"end":{"line":10,"column":29}},"6":{"start":{"line":11,"column":19},"end":{"line":11,"column":23}},"7":{"start":{"line":13,"column":4},"end":{"line":18,"column":null}},"8":{"start":{"line":14,"column":6},"end":{"line":14,"column":38}},"9":{"start":{"line":15,"column":6},"end":{"line":15,"column":22}},"10":{"start":{"line":17,"column":6},"end":{"line":17,"column":23}},"11":{"start":{"line":20,"column":4},"end":{"line":20,"column":20}},"12":{"start":{"line":24,"column":37},"end":{"line":24,"column":58}},"13":{"start":{"line":25,"column":4},"end":{"line":35,"column":7}},"14":{"start":{"line":26,"column":38},"end":{"line":26,"column":63}},"15":{"start":{"line":28,"column":6},"end":{"line":34,"column":8}}},"fnMap":{"0":{"name":"(anonymous_8)","decl":{"start":{"line":7,"column":10},"end":{"line":7,"column":11}},"loc":{"start":{"line":7,"column":51},"end":{"line":7,"column":119}}},"1":{"name":"(anonymous_9)","decl":{"start":{"line":9,"column":12},"end":{"line":9,"column":null}},"loc":{"start":{"line":9,"column":12},"end":{"line":21,"column":null}}},"2":{"name":"(anonymous_11)","decl":{"start":{"line":23,"column":12},"end":{"line":23,"column":null}},"loc":{"start":{"line":23,"column":12},"end":{"line":36,"column":null}}},"3":{"name":"(anonymous_13)","decl":{"start":{"line":25,"column":41},"end":{"line":25,"column":42}},"loc":{"start":{"line":25,"column":61},"end":{"line":35,"column":5}}}},"branchMap":{"0":{"loc":{"start":{"line":7,"column":20},"end":{"line":7,"column":38}},"type":"default-arg","locations":[{"start":{"line":7,"column":20},"end":{"line":7,"column":38}}]},"1":{"loc":{"start":{"line":32,"column":15},"end":{"line":32,"column":31}},"type":"binary-expr","locations":[{"start":{"line":32,"column":15},"end":{"line":32,"column":31}},{"start":{"line":32,"column":35},"end":{"line":32,"column":54}}]},"2":{"loc":{"start":{"line":33,"column":18},"end":{"line":33,"column":35}},"type":"binary-expr","locations":[{"start":{"line":33,"column":18},"end":{"line":33,"column":35}},{"start":{"line":33,"column":39},"end":{"line":33,"column":59}}]}},"s":{"0":1,"1":1,"2":1,"3":1,"4":1,"5":1,"6":1,"7":1,"8":1,"9":0,"10":0,"11":0,"12":1,"13":0,"14":0,"15":0},"f":{"0":1,"1":1,"2":1,"3":0},"b":{"0":[1],"1":[0,0],"2":[0,0]}}
}
