TN:
SF:C:\Users\g.lima\Projects\Personal\my-website\src\app.ts
FN:7,(anonymous_0)
FN:8,(anonymous_1)
FNF:2
FNH:2
FNDA:2,(anonymous_0)
FNDA:4,(anonymous_1)
DA:1,1
DA:2,1
DA:4,1
DA:6,1
DA:8,2
DA:9,4
DA:14,1
LF:7
LH:7
BRF:0
BRH:0
end_of_record
TN:
SF:C:\Users\g.lima\Projects\Personal\my-website\src\settings.ts
FNF:0
FNH:0
DA:1,1
LF:1
LH:1
BRF:0
BRH:0
end_of_record
TN:
SF:C:\Users\g.lima\Projects\Personal\my-website\src\components\gists\gists.component.ts
FN:6,(anonymous_7)
FN:10,(anonymous_9)
FNF:2
FNH:1
FNDA:1,(anonymous_7)
FNDA:0,(anonymous_9)
DA:2,1
DA:3,1
DA:5,1
DA:7,1
DA:8,0
DA:10,0
DA:11,0
DA:13,0
DA:26,0
LF:9
LH:4
BRDA:11,0,0,0
BRDA:11,0,1,0
BRDA:11,1,0,0
BRDA:11,1,1,0
BRF:4
BRH:0
end_of_record
TN:
SF:C:\Users\g.lima\Projects\Personal\my-website\src\components\intro\intro.component.ts
FN:4,(anonymous_0)
FNF:1
FNH:1
FNDA:1,(anonymous_0)
DA:1,1
DA:3,1
DA:5,1
DA:6,1
DA:8,1
DA:10,1
LF:6
LH:6
BRDA:10,0,0,0
BRDA:10,0,1,1
BRF:2
BRH:1
end_of_record
TN:
SF:C:\Users\g.lima\Projects\Personal\my-website\src\enums\gist-languages.enum.ts
FN:1,(anonymous_0)
FNF:1
FNH:1
FNDA:1,(anonymous_0)
DA:1,1
DA:2,1
DA:3,1
DA:4,1
DA:5,1
DA:6,1
DA:7,1
DA:8,1
DA:9,1
DA:10,1
DA:11,1
DA:12,1
DA:13,1
LF:13
LH:13
BRDA:1,0,0,1
BRDA:1,0,1,1
BRF:2
BRH:2
end_of_record
TN:
SF:C:\Users\g.lima\Projects\Personal\my-website\src\services\gists.service.ts
FN:7,(anonymous_8)
FN:9,(anonymous_9)
FN:23,(anonymous_11)
FN:25,(anonymous_13)
FNF:4
FNH:3
FNDA:1,(anonymous_8)
FNDA:1,(anonymous_9)
FNDA:1,(anonymous_11)
FNDA:0,(anonymous_13)
DA:1,1
DA:2,1
DA:4,1
DA:6,1
DA:7,1
DA:10,1
DA:11,1
DA:13,1
DA:14,1
DA:15,0
DA:17,0
DA:20,0
DA:24,1
DA:25,0
DA:26,0
DA:28,0
LF:16
LH:10
BRDA:7,0,0,1
BRDA:32,1,0,0
BRDA:32,1,1,0
BRDA:33,2,0,0
BRDA:33,2,1,0
BRF:5
BRH:1
end_of_record
